{"uuid":"1efaf76d-6116-4f5b-9e42-5129fd719add","historyId":"3e33119a48a2432dc2d85dea1a2301d2","testCaseId":"10fe7c15cb072de7dc5664fbb9b5f2da","fullName":"zero-bank-capstone/src/test/resources/features/Payment.feature:31","labels":[{"name":"tag","value":"BillPayment"},{"name":"tag","value":"AddingNewPayee"},{"name":"host","value":"DESKTOP-A0GTMOO"},{"name":"thread","value":"7092@DESKTOP-A0GTMOO.main(1)"},{"name":"feature","value":"Bill Payment"},{"name":"story","value":"Adding a new Payee"},{"name":"suite","value":"Bill Payment"},{"name":"testClass","value":"Adding a new Payee"},{"name":"framework","value":"cucumber4jvm"},{"name":"language","value":"java"},{"name":"gherkin_uri","value":"file:///C:/Users/djnag/ZEROBANK-CAPSTONE-PROJECT/zero-bank-capstone/src/test/resources/features/Payment.feature"},{"name":"package","value":"zero-bank-capstone.src.test.resources.features.Payment_feature.Bill Payment"}],"links":[],"name":"Adding a new Payee","status":"failed","statusDetails":{"known":false,"muted":false,"flaky":false,"message":"expected [true] but found [false]","trace":"java.lang.AssertionError: expected [true] but found [false]\r\n\tat org.testng.Assert.fail(Assert.java:111)\r\n\tat org.testng.Assert.failNotEquals(Assert.java:1578)\r\n\tat org.testng.Assert.assertTrue(Assert.java:57)\r\n\tat org.testng.Assert.assertTrue(Assert.java:67)\r\n\tat com.zerobank.steps.BillPaymentSteps.successful_message_displayed(BillPaymentSteps.java:128)\r\n\tat ✽.Successful message \"Payee should be added successfully.\" displayed(file:///C:/Users/djnag/ZEROBANK-CAPSTONE-PROJECT/zero-bank-capstone/src/test/resources/features/Payment.feature:37)\r\n"},"stage":"finished","steps":[{"name":"Given the user is logged in","status":"passed","statusDetails":{"known":false,"muted":false,"flaky":false},"stage":"finished","steps":[],"attachments":[],"parameters":[],"start":1742551065763,"stop":1742551069963},{"name":"When the user navigates to the bill payment page","status":"passed","statusDetails":{"known":false,"muted":false,"flaky":false},"stage":"finished","steps":[],"attachments":[],"parameters":[],"start":1742551069963,"stop":1742551071093},{"name":"Then add new payee","status":"passed","statusDetails":{"known":false,"muted":false,"flaky":false},"stage":"finished","steps":[],"attachments":[],"parameters":[],"start":1742551071093,"stop":1742551071136},{"name":"And add name=\"Ayush\",address=\"123TestCity\",accountNo=\"1234567890\"","status":"passed","statusDetails":{"known":false,"muted":false,"flaky":false},"stage":"finished","steps":[],"attachments":[],"parameters":[],"start":1742551071136,"stop":1742551071527},{"name":"And clicks on the add button","status":"passed","statusDetails":{"known":false,"muted":false,"flaky":false},"stage":"finished","steps":[],"attachments":[],"parameters":[],"start":1742551071527,"stop":1742551071578},{"name":"Then Successful message \"Payee should be added successfully.\" displayed","status":"failed","statusDetails":{"known":false,"muted":false,"flaky":false,"message":"expected [true] but found [false]","trace":"java.lang.AssertionError: expected [true] but found [false]\r\n\tat org.testng.Assert.fail(Assert.java:111)\r\n\tat org.testng.Assert.failNotEquals(Assert.java:1578)\r\n\tat org.testng.Assert.assertTrue(Assert.java:57)\r\n\tat org.testng.Assert.assertTrue(Assert.java:67)\r\n\tat com.zerobank.steps.BillPaymentSteps.successful_message_displayed(BillPaymentSteps.java:128)\r\n\tat ✽.Successful message \"Payee should be added successfully.\" displayed(file:///C:/Users/djnag/ZEROBANK-CAPSTONE-PROJECT/zero-bank-capstone/src/test/resources/features/Payment.feature:37)\r\n"},"stage":"finished","steps":[],"attachments":[],"parameters":[],"start":1742551071578,"stop":1742551071966}],"attachments":[],"parameters":[],"start":1742551059902,"stop":1742551072154}