{"uuid":"71f4a94f-eca5-41e4-9d50-61c6dbe48094","historyId":"a03fbf2a6323a40f61b1036dc7d2678a","testCaseId":"997af24b691d2d76a1bf05cd39e1a185","fullName":"zero-bank-capstone/src/test/resources/features/Payment.feature:40","labels":[{"name":"tag","value":"BillPayment"},{"name":"tag","value":"MissingDetails"},{"name":"host","value":"DESKTOP-A0GTMOO"},{"name":"thread","value":"7092@DESKTOP-A0GTMOO.main(1)"},{"name":"feature","value":"Bill Payment"},{"name":"story","value":"Adding a new Payee with missing details"},{"name":"suite","value":"Bill Payment"},{"name":"testClass","value":"Adding a new Payee with missing details"},{"name":"framework","value":"cucumber4jvm"},{"name":"language","value":"java"},{"name":"gherkin_uri","value":"file:///C:/Users/djnag/ZEROBANK-CAPSTONE-PROJECT/zero-bank-capstone/src/test/resources/features/Payment.feature"},{"name":"package","value":"zero-bank-capstone.src.test.resources.features.Payment_feature.Bill Payment"}],"links":[],"name":"Adding a new Payee with missing details","status":"failed","statusDetails":{"known":false,"muted":false,"flaky":false,"message":"expected [true] but found [false]","trace":"java.lang.AssertionError: expected [true] but found [false]\r\n\tat org.testng.Assert.fail(Assert.java:111)\r\n\tat org.testng.Assert.failNotEquals(Assert.java:1578)\r\n\tat org.testng.Assert.assertTrue(Assert.java:57)\r\n\tat org.testng.Assert.assertTrue(Assert.java:67)\r\n\tat com.zerobank.steps.BillPaymentSteps.error_message_should_be_displayed(BillPaymentSteps.java:93)\r\n\tat ✽.Error message \"All fields are required.\" should be displayed(file:///C:/Users/djnag/ZEROBANK-CAPSTONE-PROJECT/zero-bank-capstone/src/test/resources/features/Payment.feature:46)\r\n"},"stage":"finished","steps":[{"name":"Given the user is logged in","status":"passed","statusDetails":{"known":false,"muted":false,"flaky":false},"stage":"finished","steps":[],"attachments":[],"parameters":[],"start":1742551077744,"stop":1742551081912},{"name":"When the user navigates to the bill payment page","status":"passed","statusDetails":{"known":false,"muted":false,"flaky":false},"stage":"finished","steps":[],"attachments":[],"parameters":[],"start":1742551081912,"stop":1742551083009},{"name":"Then add new payee","status":"passed","statusDetails":{"known":false,"muted":false,"flaky":false},"stage":"finished","steps":[],"attachments":[],"parameters":[],"start":1742551083009,"stop":1742551083055},{"name":"And add the \"\",\"123TestCity\",\"123456789\",\"savings\"","status":"passed","statusDetails":{"known":false,"muted":false,"flaky":false},"stage":"finished","steps":[],"attachments":[],"parameters":[],"start":1742551083055,"stop":1742551083538},{"name":"And clicks on the add button","status":"passed","statusDetails":{"known":false,"muted":false,"flaky":false},"stage":"finished","steps":[],"attachments":[],"parameters":[],"start":1742551083539,"stop":1742551083603},{"name":"Then Error message \"All fields are required.\" should be displayed","status":"failed","statusDetails":{"known":false,"muted":false,"flaky":false,"message":"expected [true] but found [false]","trace":"java.lang.AssertionError: expected [true] but found [false]\r\n\tat org.testng.Assert.fail(Assert.java:111)\r\n\tat org.testng.Assert.failNotEquals(Assert.java:1578)\r\n\tat org.testng.Assert.assertTrue(Assert.java:57)\r\n\tat org.testng.Assert.assertTrue(Assert.java:67)\r\n\tat com.zerobank.steps.BillPaymentSteps.error_message_should_be_displayed(BillPaymentSteps.java:93)\r\n\tat ✽.Error message \"All fields are required.\" should be displayed(file:///C:/Users/djnag/ZEROBANK-CAPSTONE-PROJECT/zero-bank-capstone/src/test/resources/features/Payment.feature:46)\r\n"},"stage":"finished","steps":[],"attachments":[],"parameters":[],"start":1742551083603,"stop":1742551103800}],"attachments":[],"parameters":[],"start":1742551072164,"stop":1742551103988}